<?xml version="1.0" encoding="UTF-8"?>
<!-- Generated by org.testng.reporters.JUnitReportReporter -->
<testsuite hostname="Vikas-PC" name="UserAgentSwitchingSemo" tests="1" failures="0" timestamp="20 Aug 2016 07:02:50 GMT" time="13.703" errors="0">
  <testcase name="testMotoGSiteWithMobieUA" time="13.703" classname="UserAgentSwitchingSemo"/>
</testsuite> <!-- UserAgentSwitchingSemo -->
